
#####################################################
# Welcome to Cisco, Please quit if not administrator#
#####################################################
r1>
r1>terminal width 511
r1>terminal length 0
r1>
r1>
r1>enable
Password: 
r1#
r1#
r1#show version
Cisco IOS Software, Linux Software (I86BI_LINUX-ADVENTERPRISEK9-M), Version 15.4(2)T, DEVELOPMENT TEST SOFTWARE
Technical Support: http://www.********.com/techsupport
Copyright (c) 1986-2014 by Cisco Systems, Inc.
Compiled Thu 27-Mar-14 01:08 by prod_rel_team

ROM: Bootstrap program is Linux

r1 uptime is 22 weeks, 1 day, 21 hours, 34 minutes
System returned to ROM by reload at 0
System image file is "unix:/opt/unetlab/addons/iol/bin/i86bi-linux-l3-adventerprisek9-15.4"
Last reload reason: Unknown reason



This product contains cryptographic features and is subject to United
States and local country laws governing import, export, transfer and
use. Delivery of Cisco cryptographic products does not imply
third-party authority to import, export, distribute or use encryption.
Importers, exporters, distributors and users are responsible for
compliance with U.S. and local country laws. By using this product you
agree to comply with applicable laws and regulations. If you are unable
to comply with U.S. and local laws, return this product immediately.

A summary of U.S. laws governing Cisco cryptographic products may be found at:
http://www.********.com/wwl/export/crypto/tool/stqrg.html

If you require further assistance please contact us by sending email to
export@********.com.

Linux Unix (Intel-x86) processor with 884993K bytes of memory.
Processor board ID 67108896
4 Ethernet interfaces
1024K bytes of NVRAM.



Configuration register is 0x0

r1#
r1#exit

#####################################################
# Welcome to Cisco, Please quit if not administrator#
#####################################################
r1>
r1>terminal width 511
r1>terminal length 0
r1>
r1>
r1>enable
Password: 
r1#
r1#
r1#show version
Cisco IOS Software, Linux Software (I86BI_LINUX-ADVENTERPRISEK9-M), Version 15.4(2)T, DEVELOPMENT TEST SOFTWARE
Technical Support: http://www.********.com/techsupport
Copyright (c) 1986-2014 by Cisco Systems, Inc.
Compiled Thu 27-Mar-14 01:08 by prod_rel_team

ROM: Bootstrap program is Linux

r1 uptime is 22 weeks, 1 day, 21 hours, 35 minutes
System returned to ROM by reload at 0
System image file is "unix:/opt/unetlab/addons/iol/bin/i86bi-linux-l3-adventerprisek9-15.4"
Last reload reason: Unknown reason



This product contains cryptographic features and is subject to United
States and local country laws governing import, export, transfer and
use. Delivery of Cisco cryptographic products does not imply
third-party authority to import, export, distribute or use encryption.
Importers, exporters, distributors and users are responsible for
compliance with U.S. and local country laws. By using this product you
agree to comply with applicable laws and regulations. If you are unable
to comply with U.S. and local laws, return this product immediately.

A summary of U.S. laws governing Cisco cryptographic products may be found at:
http://www.********.com/wwl/export/crypto/tool/stqrg.html

If you require further assistance please contact us by sending email to
export@********.com.

Linux Unix (Intel-x86) processor with 884993K bytes of memory.
Processor board ID 67108896
4 Ethernet interfaces
1024K bytes of NVRAM.



Configuration register is 0x0

r1#
r1#exit

#####################################################
# Welcome to Cisco, Please quit if not administrator#
#####################################################
r1>
r1>terminal width 511
r1>terminal length 0
r1>
r1>
r1>enable
Password: 
r1#
r1#
r1#show version
Cisco IOS Software, Linux Software (I86BI_LINUX-ADVENTERPRISEK9-M), Version 15.4(2)T, DEVELOPMENT TEST SOFTWARE
Technical Support: http://www.********.com/techsupport
Copyright (c) 1986-2014 by Cisco Systems, Inc.
Compiled Thu 27-Mar-14 01:08 by prod_rel_team

ROM: Bootstrap program is Linux

r1 uptime is 22 weeks, 1 day, 21 hours, 36 minutes
System returned to ROM by reload at 0
System image file is "unix:/opt/unetlab/addons/iol/bin/i86bi-linux-l3-adventerprisek9-15.4"
Last reload reason: Unknown reason



This product contains cryptographic features and is subject to United
States and local country laws governing import, export, transfer and
use. Delivery of Cisco cryptographic products does not imply
third-party authority to import, export, distribute or use encryption.
Importers, exporters, distributors and users are responsible for
compliance with U.S. and local country laws. By using this product you
agree to comply with applicable laws and regulations. If you are unable
to comply with U.S. and local laws, return this product immediately.

A summary of U.S. laws governing Cisco cryptographic products may be found at:
http://www.********.com/wwl/export/crypto/tool/stqrg.html

If you require further assistance please contact us by sending email to
export@********.com.

Linux Unix (Intel-x86) processor with 884993K bytes of memory.
Processor board ID 67108896
4 Ethernet interfaces
1024K bytes of NVRAM.



Configuration register is 0x0

r1#
r1#exit

#####################################################
# Welcome to Cisco, Please quit if not administrator#
#####################################################
r1>
r1>terminal width 511
r1>terminal length 0
r1>
r1>
r1>enable
Password: 
r1#
r1#
r1#show version
Cisco IOS Software, Linux Software (I86BI_LINUX-ADVENTERPRISEK9-M), Version 15.4(2)T, DEVELOPMENT TEST SOFTWARE
Technical Support: http://www.********.com/techsupport
Copyright (c) 1986-2014 by Cisco Systems, Inc.
Compiled Thu 27-Mar-14 01:08 by prod_rel_team

ROM: Bootstrap program is Linux

r1 uptime is 22 weeks, 1 day, 21 hours, 37 minutes
System returned to ROM by reload at 0
System image file is "unix:/opt/unetlab/addons/iol/bin/i86bi-linux-l3-adventerprisek9-15.4"
Last reload reason: Unknown reason



This product contains cryptographic features and is subject to United
States and local country laws governing import, export, transfer and
use. Delivery of Cisco cryptographic products does not imply
third-party authority to import, export, distribute or use encryption.
Importers, exporters, distributors and users are responsible for
compliance with U.S. and local country laws. By using this product you
agree to comply with applicable laws and regulations. If you are unable
to comply with U.S. and local laws, return this product immediately.

A summary of U.S. laws governing Cisco cryptographic products may be found at:
http://www.********.com/wwl/export/crypto/tool/stqrg.html

If you require further assistance please contact us by sending email to
export@********.com.

Linux Unix (Intel-x86) processor with 884993K bytes of memory.
Processor board ID 67108896
4 Ethernet interfaces
1024K bytes of NVRAM.



Configuration register is 0x0

r1#
r1#exit

#####################################################
# Welcome to Cisco, Please quit if not administrator#
#####################################################
r1>
r1>terminal width 511
r1>terminal length 0
r1>
r1>
r1>enable
Password: 
r1#
r1#
r1#show version
Cisco IOS Software, Linux Software (I86BI_LINUX-ADVENTERPRISEK9-M), Version 15.4(2)T, DEVELOPMENT TEST SOFTWARE
Technical Support: http://www.********.com/techsupport
Copyright (c) 1986-2014 by Cisco Systems, Inc.
Compiled Thu 27-Mar-14 01:08 by prod_rel_team

ROM: Bootstrap program is Linux

r1 uptime is 22 weeks, 1 day, 22 hours, 45 minutes
System returned to ROM by reload at 0
System image file is "unix:/opt/unetlab/addons/iol/bin/i86bi-linux-l3-adventerprisek9-15.4"
Last reload reason: Unknown reason



This product contains cryptographic features and is subject to United
States and local country laws governing import, export, transfer and
use. Delivery of Cisco cryptographic products does not imply
third-party authority to import, export, distribute or use encryption.
Importers, exporters, distributors and users are responsible for
compliance with U.S. and local country laws. By using this product you
agree to comply with applicable laws and regulations. If you are unable
to comply with U.S. and local laws, return this product immediately.

A summary of U.S. laws governing Cisco cryptographic products may be found at:
http://www.********.com/wwl/export/crypto/tool/stqrg.html

If you require further assistance please contact us by sending email to
export@********.com.

Linux Unix (Intel-x86) processor with 884993K bytes of memory.
Processor board ID 67108896
4 Ethernet interfaces
1024K bytes of NVRAM.



Configuration register is 0x0

r1#
r1#exit

#####################################################
# Welcome to Cisco, Please quit if not administrator#
#####################################################
r1>
r1>terminal width 511
r1>terminal length 0
r1>
r1>
r1>enable
Password: 
r1#
r1#
r1#show version
Cisco IOS Software, Linux Software (I86BI_LINUX-ADVENTERPRISEK9-M), Version 15.4(2)T, DEVELOPMENT TEST SOFTWARE
Technical Support: http://www.********.com/techsupport
Copyright (c) 1986-2014 by Cisco Systems, Inc.
Compiled Thu 27-Mar-14 01:08 by prod_rel_team

ROM: Bootstrap program is Linux

r1 uptime is 22 weeks, 3 days, 23 hours, 36 minutes
System returned to ROM by reload at 0
System image file is "unix:/opt/unetlab/addons/iol/bin/i86bi-linux-l3-adventerprisek9-15.4"
Last reload reason: Unknown reason



This product contains cryptographic features and is subject to United
States and local country laws governing import, export, transfer and
use. Delivery of Cisco cryptographic products does not imply
third-party authority to import, export, distribute or use encryption.
Importers, exporters, distributors and users are responsible for
compliance with U.S. and local country laws. By using this product you
agree to comply with applicable laws and regulations. If you are unable
to comply with U.S. and local laws, return this product immediately.

A summary of U.S. laws governing Cisco cryptographic products may be found at:
http://www.********.com/wwl/export/crypto/tool/stqrg.html

If you require further assistance please contact us by sending email to
export@********.com.

Linux Unix (Intel-x86) processor with 884993K bytes of memory.
Processor board ID 67108896
4 Ethernet interfaces
1024K bytes of NVRAM.



Configuration register is 0x0

r1#
r1#exit

#####################################################
# Welcome to Cisco, Please quit if not administrator#
#####################################################
r1>
r1>terminal width 511
r1>terminal length 0
r1>
r1>
r1>enable
Password: 
r1#
r1#
r1#show version
Cisco IOS Software, Linux Software (I86BI_LINUX-ADVENTERPRISEK9-M), Version 15.4(2)T, DEVELOPMENT TEST SOFTWARE
Technical Support: http://www.********.com/techsupport
Copyright (c) 1986-2014 by Cisco Systems, Inc.
Compiled Thu 27-Mar-14 01:08 by prod_rel_team

ROM: Bootstrap program is Linux

r1 uptime is 0 minutes
System returned to ROM by reload at 0
System image file is "unix:/opt/unetlab/addons/iol/bin/i86bi-linux-l3-adventerprisek9-15.4"
Last reload reason: Unknown reason



This product contains cryptographic features and is subject to United
States and local country laws governing import, export, transfer and
use. Delivery of Cisco cryptographic products does not imply
third-party authority to import, export, distribute or use encryption.
Importers, exporters, distributors and users are responsible for
compliance with U.S. and local country laws. By using this product you
agree to comply with applicable laws and regulations. If you are unable
to comply with U.S. and local laws, return this product immediately.

A summary of U.S. laws governing Cisco cryptographic products may be found at:
http://www.********.com/wwl/export/crypto/tool/stqrg.html

If you require further assistance please contact us by sending email to
export@********.com.

Linux Unix (Intel-x86) processor with 884993K bytes of memory.
Processor board ID 67108896
4 Ethernet interfaces
1024K bytes of NVRAM.



Configuration register is 0x0

r1#
r1#exit

#####################################################
# Welcome to Cisco, Please quit if not administrator#
#####################################################
r1>
r1>terminal width 511
r1>terminal length 0
r1>
r1>
r1>enable
Password: 
r1#
r1#
r1#show version
Cisco IOS Software, Linux Software (I86BI_LINUX-ADVENTERPRISEK9-M), Version 15.4(2)T, DEVELOPMENT TEST SOFTWARE
Technical Support: http://www.********.com/techsupport
Copyright (c) 1986-2014 by Cisco Systems, Inc.
Compiled Thu 27-Mar-14 01:08 by prod_rel_team

ROM: Bootstrap program is Linux

r1 uptime is 5 minutes
System returned to ROM by reload at 0
System image file is "unix:/opt/unetlab/addons/iol/bin/i86bi-linux-l3-adventerprisek9-15.4"
Last reload reason: Unknown reason



This product contains cryptographic features and is subject to United
States and local country laws governing import, export, transfer and
use. Delivery of Cisco cryptographic products does not imply
third-party authority to import, export, distribute or use encryption.
Importers, exporters, distributors and users are responsible for
compliance with U.S. and local country laws. By using this product you
agree to comply with applicable laws and regulations. If you are unable
to comply with U.S. and local laws, return this product immediately.

A summary of U.S. laws governing Cisco cryptographic products may be found at:
http://www.********.com/wwl/export/crypto/tool/stqrg.html

If you require further assistance please contact us by sending email to
export@********.com.

Linux Unix (Intel-x86) processor with 884993K bytes of memory.
Processor board ID 67108896
4 Ethernet interfaces
1024K bytes of NVRAM.



Configuration register is 0x0

r1#
r1#exit

#####################################################
# Welcome to Cisco, Please quit if not administrator#
#####################################################
r1>
r1>terminal width 511
r1>terminal length 0
r1>
r1>
r1>enable
Password: 
r1#
r1#^@
r1#
r1#show version
Cisco IOS Software, Linux Software (I86BI_LINUX-ADVENTERPRISEK9-M), Version 15.4(2)T, DEVELOPMENT TEST SOFTWARE
Technical Support: http://www.********.com/techsupport
Copyright (c) 1986-2014 by Cisco Systems, Inc.
Compiled Thu 27-Mar-14 01:08 by prod_rel_team

ROM: Bootstrap program is Linux

r1 uptime is 23 hours, 44 minutes
System returned to ROM by reload at 0
System image file is "unix:/opt/unetlab/addons/iol/bin/i86bi-linux-l3-adventerprisek9-15.4"
Last reload reason: Unknown reason



This product contains cryptographic features and is subject to United
States and local country laws governing import, export, transfer and
use. Delivery of Cisco cryptographic products does not imply
third-party authority to import, export, distribute or use encryption.
Importers, exporters, distributors and users are responsible for
compliance with U.S. and local country laws. By using this product you
agree to comply with applicable laws and regulations. If you are unable
to comply with U.S. and local laws, return this product immediately.

A summary of U.S. laws governing Cisco cryptographic products may be found at:
http://www.********.com/wwl/export/crypto/tool/stqrg.html

If you require further assistance please contact us by sending email to
export@********.com.

Linux Unix (Intel-x86) processor with 884993K bytes of memory.
Processor board ID 67108896
4 Ethernet interfaces
1024K bytes of NVRAM.



Configuration register is 0x0

r1#^@
r1#^@
r1#exit
